<?xml version="1.0" encoding="UTF-8"?>
<!-- Generated by org.testng.reporters.JUnitReportReporter -->
<testsuite hostname="P5-GL5L882" name="ex.org.selenium1.BookTicketTest" tests="1" failures="0" timestamp="25 Jun 2018 11:13:50 GMT" time="9.451" errors="0">
  <testcase name="login" time="9.451" classname="ex.org.selenium1.BookTicketTest"/>
</testsuite> <!-- ex.org.selenium1.BookTicketTest -->
